This is pdfTeX, Version 3.14159265-2.6-1.40.20 (TeX Live 2019) (preloaded format=pdflatex 2019.10.21)  13 DEC 2020 01:28
entering extended mode
 restricted \write18 enabled.
 file:line:error style messages enabled.
 %&-line parsing enabled.
**report.tex
(./report.tex
LaTeX2e <2018-12-01>
(/usr/local/texlive/2019/texmf-dist/tex/latex/base/article.cls
Document Class: article 2018/09/03 v1.4i Standard LaTeX document class
(/usr/local/texlive/2019/texmf-dist/tex/latex/base/size11.clo
File: size11.clo 2018/09/03 v1.4i Standard LaTeX file (size option)
)
\c@part=\count80
\c@section=\count81
\c@subsection=\count82
\c@subsubsection=\count83
\c@paragraph=\count84
\c@subparagraph=\count85
\c@figure=\count86
\c@table=\count87
\abovecaptionskip=\skip41
\belowcaptionskip=\skip42
\bibindent=\dimen102
)
(/usr/local/texlive/2019/texmf-dist/tex/latex/amsmath/amsmath.sty
Package: amsmath 2018/12/01 v2.17b AMS math features
\@mathmargin=\skip43

For additional information on amsmath, use the `?' option.
(/usr/local/texlive/2019/texmf-dist/tex/latex/amsmath/amstext.sty
Package: amstext 2000/06/29 v2.01 AMS text

(/usr/local/texlive/2019/texmf-dist/tex/latex/amsmath/amsgen.sty
File: amsgen.sty 1999/11/30 v2.0 generic functions
\@emptytoks=\toks14
\ex@=\dimen103
))
(/usr/local/texlive/2019/texmf-dist/tex/latex/amsmath/amsbsy.sty
Package: amsbsy 1999/11/29 v1.2d Bold Symbols
\pmbraise@=\dimen104
)
(/usr/local/texlive/2019/texmf-dist/tex/latex/amsmath/amsopn.sty
Package: amsopn 2016/03/08 v2.02 operator names
)
\inf@bad=\count88
LaTeX Info: Redefining \frac on input line 223.
\uproot@=\count89
\leftroot@=\count90
LaTeX Info: Redefining \overline on input line 385.
\classnum@=\count91
\DOTSCASE@=\count92
LaTeX Info: Redefining \ldots on input line 482.
LaTeX Info: Redefining \dots on input line 485.
LaTeX Info: Redefining \cdots on input line 606.
\Mathstrutbox@=\box27
\strutbox@=\box28
\big@size=\dimen105
LaTeX Font Info:    Redeclaring font encoding OML on input line 729.
LaTeX Font Info:    Redeclaring font encoding OMS on input line 730.
\macc@depth=\count93
\c@MaxMatrixCols=\count94
\dotsspace@=\muskip10
\c@parentequation=\count95
\dspbrk@lvl=\count96
\tag@help=\toks15
\row@=\count97
\column@=\count98
\maxfields@=\count99
\andhelp@=\toks16
\eqnshift@=\dimen106
\alignsep@=\dimen107
\tagshift@=\dimen108
\tagwidth@=\dimen109
\totwidth@=\dimen110
\lineht@=\dimen111
\@envbody=\toks17
\multlinegap=\skip44
\multlinetaggap=\skip45
\mathdisplay@stack=\toks18
LaTeX Info: Redefining \[ on input line 2844.
LaTeX Info: Redefining \] on input line 2845.
)
(/usr/local/texlive/2019/texmf-dist/tex/latex/blindtext/blindtext.sty
Package: blindtext 2012/01/06 V2.0 blindtext-Package

(/usr/local/texlive/2019/texmf-dist/tex/latex/tools/xspace.sty
Package: xspace 2014/10/28 v1.13 Space after command names (DPC,MH)
)
\c@blindtext=\count100
\c@Blindtext=\count101
\c@blind@countparstart=\count102
\blind@countxx=\count103
\blindtext@numBlindtext=\count104
\blind@countyy=\count105
\c@blindlist=\count106
\c@blindlistlevel=\count107
\c@blindlist@level=\count108
\blind@listitem=\count109
\c@blind@listcount=\count110
\c@blind@levelcount=\count111
\blind@mathformula=\count112
\blind@Mathformula=\count113
\c@blind@randomcount=\count114
\c@blind@randommax=\count115
\c@blind@pangramcount=\count116
\c@blind@pangrammax=\count117
)
(/usr/local/texlive/2019/texmf-dist/tex/latex/graphics/graphicx.sty
Package: graphicx 2017/06/01 v1.1a Enhanced LaTeX Graphics (DPC,SPQR)

(/usr/local/texlive/2019/texmf-dist/tex/latex/graphics/keyval.sty
Package: keyval 2014/10/28 v1.15 key=value parser (DPC)
\KV@toks@=\toks19
)
(/usr/local/texlive/2019/texmf-dist/tex/latex/graphics/graphics.sty
Package: graphics 2017/06/25 v1.2c Standard LaTeX Graphics (DPC,SPQR)

(/usr/local/texlive/2019/texmf-dist/tex/latex/graphics/trig.sty
Package: trig 2016/01/03 v1.10 sin cos tan (DPC)
)
(/usr/local/texlive/2019/texmf-dist/tex/latex/graphics-cfg/graphics.cfg
File: graphics.cfg 2016/06/04 v1.11 sample graphics configuration
)
Package graphics Info: Driver file: pdftex.def on input line 99.

(/usr/local/texlive/2019/texmf-dist/tex/latex/graphics-def/pdftex.def
File: pdftex.def 2018/01/08 v1.0l Graphics/color driver for pdftex
))
\Gin@req@height=\dimen112
\Gin@req@width=\dimen113
)
(/usr/local/texlive/2019/texmf-dist/tex/latex/biblatex/biblatex.sty
Package: biblatex 2018/11/02 v3.12 programmable bibliographies (PK/MW)

(/usr/local/texlive/2019/texmf-dist/tex/generic/oberdiek/pdftexcmds.sty
Package: pdftexcmds 2018/09/10 v0.29 Utility functions of pdfTeX for LuaTeX (HO
)

(/usr/local/texlive/2019/texmf-dist/tex/generic/oberdiek/infwarerr.sty
Package: infwarerr 2016/05/16 v1.4 Providing info/warning/error messages (HO)
)
(/usr/local/texlive/2019/texmf-dist/tex/generic/oberdiek/ifluatex.sty
Package: ifluatex 2016/05/16 v1.4 Provides the ifluatex switch (HO)
Package ifluatex Info: LuaTeX not detected.
)
(/usr/local/texlive/2019/texmf-dist/tex/generic/oberdiek/ltxcmds.sty
Package: ltxcmds 2016/05/16 v1.23 LaTeX kernel commands for general use (HO)
)
(/usr/local/texlive/2019/texmf-dist/tex/generic/oberdiek/ifpdf.sty
Package: ifpdf 2018/09/07 v3.3 Provides the ifpdf switch
)
Package pdftexcmds Info: LuaTeX not detected.
Package pdftexcmds Info: \pdf@primitive is available.
Package pdftexcmds Info: \pdf@ifprimitive is available.
Package pdftexcmds Info: \pdfdraftmode found.
)
(/usr/local/texlive/2019/texmf-dist/tex/latex/etoolbox/etoolbox.sty
Package: etoolbox 2018/08/19 v2.5f e-TeX tools for LaTeX (JAW)
\etb@tempcnta=\count118
)
(/usr/local/texlive/2019/texmf-dist/tex/latex/oberdiek/kvoptions.sty
Package: kvoptions 2016/05/16 v3.12 Key value format for package options (HO)

(/usr/local/texlive/2019/texmf-dist/tex/generic/oberdiek/kvsetkeys.sty
Package: kvsetkeys 2016/05/16 v1.17 Key value parser (HO)

(/usr/local/texlive/2019/texmf-dist/tex/generic/oberdiek/etexcmds.sty
Package: etexcmds 2016/05/16 v1.6 Avoid name clashes with e-TeX commands (HO)
)))
(/usr/local/texlive/2019/texmf-dist/tex/latex/logreq/logreq.sty
Package: logreq 2010/08/04 v1.0 xml request logger
\lrq@indent=\count119

(/usr/local/texlive/2019/texmf-dist/tex/latex/logreq/logreq.def
File: logreq.def 2010/08/04 v1.0 logreq spec v1.0
))
(/usr/local/texlive/2019/texmf-dist/tex/latex/base/ifthen.sty
Package: ifthen 2014/09/29 v1.1c Standard LaTeX ifthen package (DPC)
)
(/usr/local/texlive/2019/texmf-dist/tex/latex/url/url.sty
\Urlmuskip=\muskip11
Package: url 2013/09/16  ver 3.4  Verb mode for urls, etc.
)
\c@tabx@nest=\count120
\c@listtotal=\count121
\c@listcount=\count122
\c@liststart=\count123
\c@liststop=\count124
\c@citecount=\count125
\c@citetotal=\count126
\c@multicitecount=\count127
\c@multicitetotal=\count128
\c@instcount=\count129
\c@maxnames=\count130
\c@minnames=\count131
\c@maxitems=\count132
\c@minitems=\count133
\c@citecounter=\count134
\c@maxcitecounter=\count135
\c@savedcitecounter=\count136
\c@uniquelist=\count137
\c@uniquename=\count138
\c@refsection=\count139
\c@refsegment=\count140
\c@maxextratitle=\count141
\c@maxextratitleyear=\count142
\c@maxextraname=\count143
\c@maxextradate=\count144
\c@maxextraalpha=\count145
\c@abbrvpenalty=\count146
\c@highnamepenalty=\count147
\c@lownamepenalty=\count148
\c@maxparens=\count149
\c@parenlevel=\count150
\blx@tempcnta=\count151
\blx@tempcntb=\count152
\blx@tempcntc=\count153
\blx@maxsection=\count154
\blx@maxsegment@0=\count155
\blx@notetype=\count156
\blx@parenlevel@text=\count157
\blx@parenlevel@foot=\count158
\blx@sectionciteorder@0=\count159
\blx@entrysetcounter=\count160
\labelnumberwidth=\skip46
\labelalphawidth=\skip47
\biblabelsep=\skip48
\bibitemsep=\skip49
\bibnamesep=\skip50
\bibinitsep=\skip51
\bibparsep=\skip52
\bibhang=\skip53
\blx@bcfin=\read1
\blx@bcfout=\write3
\c@mincomprange=\count161
\c@maxcomprange=\count162
\c@mincompwidth=\count163
Package biblatex Info: Trying to load biblatex default data model...
Package biblatex Info: ... file 'blx-dm.def' found.

(/usr/local/texlive/2019/texmf-dist/tex/latex/biblatex/blx-dm.def
File: blx-dm.def 2018/11/02 v3.12 biblatex localization (PK/MW)
)
Package biblatex Info: Trying to load biblatex style data model...
Package biblatex Info: ... file 'bwl-FU.dbx' not found.
Package biblatex Info: Trying to load biblatex custom data model...
Package biblatex Info: ... file 'biblatex-dm.cfg' not found.
\c@afterword=\count164
\c@savedafterword=\count165
\c@annotator=\count166
\c@savedannotator=\count167
\c@author=\count168
\c@savedauthor=\count169
\c@bookauthor=\count170
\c@savedbookauthor=\count171
\c@commentator=\count172
\c@savedcommentator=\count173
\c@editor=\count174
\c@savededitor=\count175
\c@editora=\count176
\c@savededitora=\count177
\c@editorb=\count178
\c@savededitorb=\count179
\c@editorc=\count180
\c@savededitorc=\count181
\c@foreword=\count182
\c@savedforeword=\count183
\c@holder=\count184
\c@savedholder=\count185
\c@introduction=\count186
\c@savedintroduction=\count187
\c@namea=\count188
\c@savednamea=\count189
\c@nameb=\count190
\c@savednameb=\count191
\c@namec=\count192
\c@savednamec=\count193
\c@translator=\count194
\c@savedtranslator=\count195
\c@shortauthor=\count196
\c@savedshortauthor=\count197
\c@shorteditor=\count198
\c@savedshorteditor=\count199
\c@labelname=\count266
\c@savedlabelname=\count267
\c@institution=\count268
\c@savedinstitution=\count269
\c@lista=\count270
\c@savedlista=\count271
\c@listb=\count272
\c@savedlistb=\count273
\c@listc=\count274
\c@savedlistc=\count275
\c@listd=\count276
\c@savedlistd=\count277
\c@liste=\count278
\c@savedliste=\count279
\c@listf=\count280
\c@savedlistf=\count281
\c@location=\count282
\c@savedlocation=\count283
\c@organization=\count284
\c@savedorganization=\count285
\c@origlocation=\count286
\c@savedoriglocation=\count287
\c@origpublisher=\count288
\c@savedorigpublisher=\count289
\c@publisher=\count290
\c@savedpublisher=\count291
\c@language=\count292
\c@savedlanguage=\count293
\c@origlanguage=\count294
\c@savedoriglanguage=\count295
\c@pageref=\count296
\c@savedpageref=\count297
\shorthandwidth=\skip54
\shortjournalwidth=\skip55
\shortserieswidth=\skip56
\shorttitlewidth=\skip57
\shortauthorwidth=\skip58
\shorteditorwidth=\skip59
\locallabelnumberwidth=\skip60
\locallabelalphawidth=\skip61
\localshorthandwidth=\skip62
\localshortjournalwidth=\skip63
\localshortserieswidth=\skip64
\localshorttitlewidth=\skip65
\localshortauthorwidth=\skip66
\localshorteditorwidth=\skip67
Package biblatex Info: Trying to load compatibility code...
Package biblatex Info: ... file 'blx-compat.def' found.

(/usr/local/texlive/2019/texmf-dist/tex/latex/biblatex/blx-compat.def
File: blx-compat.def 2018/11/02 v3.12 biblatex compatibility (PK/MW)
)
Package biblatex Info: Trying to load generic definitions...
Package biblatex Info: ... file 'biblatex.def' found.

(/usr/local/texlive/2019/texmf-dist/tex/latex/biblatex/biblatex.def
File: biblatex.def 2018/11/02 v3.12 biblatex compatibility (PK/MW)
\c@textcitecount=\count298
\c@textcitetotal=\count299
\c@textcitemaxnames=\count300
\c@biburlnumpenalty=\count301
\c@biburlucpenalty=\count302
\c@biburllcpenalty=\count303
\c@smartand=\count304
)
Package biblatex Info: Trying to load bibliography style 'bwl-FU'...
Package biblatex Info: ... file 'bwl-FU.bbx' found.

(/usr/local/texlive/2019/texmf-dist/tex/latex/biblatex-bwl/bwl-FU.bbx
File: bwl-FU.bbx 2012/05/19 v0.02 biblatex bibliography style
Package biblatex Info: Trying to load bibliography style 'authoryear'...
Package biblatex Info: ... file 'authoryear.bbx' found.

(/usr/local/texlive/2019/texmf-dist/tex/latex/biblatex/bbx/authoryear.bbx
File: authoryear.bbx 2018/11/02 v3.12 biblatex bibliography style (PK/MW)
Package biblatex Info: Trying to load bibliography style 'standard'...
Package biblatex Info: ... file 'standard.bbx' found.

(/usr/local/texlive/2019/texmf-dist/tex/latex/biblatex/bbx/standard.bbx
File: standard.bbx 2018/11/02 v3.12 biblatex bibliography style (PK/MW)
\c@bbx:relatedcount=\count305
\c@bbx:relatedtotal=\count306
)))
Package biblatex Info: Trying to load citation style 'bwl-FU'...
Package biblatex Info: ... file 'bwl-FU.cbx' found.

(/usr/local/texlive/2019/texmf-dist/tex/latex/biblatex-bwl/bwl-FU.cbx
File: bwl-FU.cbx 2012/05/19 v0.02 biblatex citation style
Package biblatex Info: Trying to load citation style 'authoryear'...
Package biblatex Info: ... file 'authoryear.cbx' found.

(/usr/local/texlive/2019/texmf-dist/tex/latex/biblatex/cbx/authoryear.cbx
File: authoryear.cbx 2018/11/02 v3.12 biblatex citation style (PK/MW)
Package biblatex Info: Redefining '\cite'.
Package biblatex Info: Redefining '\parencite'.
Package biblatex Info: Redefining '\footcite'.
Package biblatex Info: Redefining '\footcitetext'.
Package biblatex Info: Redefining '\smartcite'.
Package biblatex Info: Redefining '\textcite'.
Package biblatex Info: Redefining '\textcites'.
)
Package biblatex Info: Redefining '\parencite'.
)
Package biblatex Info: Trying to load configuration file...
Package biblatex Info: ... file 'biblatex.cfg' found.

(/usr/local/texlive/2019/texmf-dist/tex/latex/biblatex/biblatex.cfg
File: biblatex.cfg 
))
Package biblatex Info: Trying to load language 'english'...
Package biblatex Info: ... file 'english.lbx' found.

(/usr/local/texlive/2019/texmf-dist/tex/latex/biblatex/lbx/english.lbx
File: english.lbx 2018/11/02 v3.12 biblatex localization (PK/MW)
)
\@quotelevel=\count307
\@quotereset=\count308

(./report.aux

LaTeX Warning: Label `fig:hist1' multiply defined.

)
\openout1 = `report.aux'.

LaTeX Font Info:    Checking defaults for OML/cmm/m/it on input line 17.
LaTeX Font Info:    ... okay on input line 17.
LaTeX Font Info:    Checking defaults for T1/cmr/m/n on input line 17.
LaTeX Font Info:    ... okay on input line 17.
LaTeX Font Info:    Checking defaults for OT1/cmr/m/n on input line 17.
LaTeX Font Info:    ... okay on input line 17.
LaTeX Font Info:    Checking defaults for OMS/cmsy/m/n on input line 17.
LaTeX Font Info:    ... okay on input line 17.
LaTeX Font Info:    Checking defaults for OMX/cmex/m/n on input line 17.
LaTeX Font Info:    ... okay on input line 17.
LaTeX Font Info:    Checking defaults for U/cmr/m/n on input line 17.
LaTeX Font Info:    ... okay on input line 17.
 (/usr/local/texlive/2019/texmf-dist/tex/context/base/mkii/supp-pdf.mkii
[Loading MPS to PDF converter (version 2006.09.02).]
\scratchcounter=\count309
\scratchdimen=\dimen114
\scratchbox=\box29
\nofMPsegments=\count310
\nofMParguments=\count311
\everyMPshowfont=\toks20
\MPscratchCnt=\count312
\MPscratchDim=\dimen115
\MPnumerator=\count313
\makeMPintoPDFobject=\count314
\everyMPtoPDFconversion=\toks21
) (/usr/local/texlive/2019/texmf-dist/tex/latex/oberdiek/epstopdf-base.sty
Package: epstopdf-base 2016/05/15 v2.6 Base part for package epstopdf

(/usr/local/texlive/2019/texmf-dist/tex/latex/oberdiek/grfext.sty
Package: grfext 2016/05/16 v1.2 Manage graphics extensions (HO)

(/usr/local/texlive/2019/texmf-dist/tex/generic/oberdiek/kvdefinekeys.sty
Package: kvdefinekeys 2016/05/16 v1.4 Define keys (HO)
))
Package epstopdf-base Info: Redefining graphics rule for `.eps' on input line 4
38.
Package grfext Info: Graphics extension search list:
(grfext)             [.pdf,.png,.jpg,.mps,.jpeg,.jbig2,.jb2,.PDF,.PNG,.JPG,.JPE
G,.JBIG2,.JB2,.eps]
(grfext)             \AppendGraphicsExtensions on input line 456.

(/usr/local/texlive/2019/texmf-dist/tex/latex/latexconfig/epstopdf-sys.cfg
File: epstopdf-sys.cfg 2010/07/13 v1.3 Configuration of (r)epstopdf for TeX Liv
e
))
Package biblatex Info: Input encoding 'utf8' detected.
Package biblatex Info: Automatic encoding selection.
(biblatex)             Assuming data encoding 'utf8'.
\openout3 = `report.bcf'.

Package biblatex Info: Trying to load bibliographic data...
Package biblatex Info: ... file 'report.bbl' not found.

No file report.bbl.
Package biblatex Info: Reference section=0 on input line 17.
Package biblatex Info: Reference segment=0 on input line 17.
[1

{/usr/local/texlive/2019/texmf-var/fonts/map/pdftex/updmap/pdftex.map}]
(./report.toc)
\tf@toc=\write4
\openout4 = `report.toc'.

 [2]
<LUKOIL_MA.png, id=13, 854.19125pt x 450.68375pt>
File: LUKOIL_MA.png Graphic file (type png)
<use LUKOIL_MA.png>
Package pdftex.def Info: LUKOIL_MA.png  used on input line 56.
(pdftex.def)             Requested size: 350.5335pt x 184.9429pt.
 [3 <./LUKOIL_MA.png>]
<Industry_MA.png, id=19, 382.42876pt x 637.38126pt>
File: Industry_MA.png Graphic file (type png)
<use Industry_MA.png>
Package pdftex.def Info: Industry_MA.png  used on input line 69.
(pdftex.def)             Requested size: 256.0742pt x 426.79134pt.
 [4

 <./Industry_MA.png>]
<Lukoil_RDS.png, id=24, 399.4925pt x 322.20375pt>
File: Lukoil_RDS.png Graphic file (type png)
<use Lukoil_RDS.png>
Package pdftex.def Info: Lukoil_RDS.png  used on input line 83.
(pdftex.def)             Requested size: 175.77724pt x 141.77008pt.
<Lukoil_BP.png, id=25, 409.53pt x 321.2pt>
File: Lukoil_BP.png Graphic file (type png)
<use Lukoil_BP.png>
Package pdftex.def Info: Lukoil_BP.png  used on input line 84.
(pdftex.def)             Requested size: 180.19376pt x 141.32843pt.
<matrix.png, id=26, 388.45125pt x 373.395pt>
File: matrix.png Graphic file (type png)
<use matrix.png>
Package pdftex.def Info: matrix.png  used on input line 95.
(pdftex.def)             Requested size: 213.64883pt x 205.36787pt.
 [5

 <./Lukoil_RDS.png> <./Lukoil_BP.png> <./matrix.png>]
Underfull \hbox (badness 10000) in paragraph at lines 102--104

 []

<return_risk.png, id=33, 624.3325pt x 499.8675pt>
File: return_risk.png Graphic file (type png)
<use return_risk.png>
Package pdftex.def Info: return_risk.png  used on input line 108.
(pdftex.def)             Requested size: 405.81133pt x 324.91002pt.

Overfull \hbox (45.81133pt too wide) in paragraph at lines 108--110
[][]
 []

<Predicted.png, id=34, 538.01pt x 325.215pt>
File: Predicted.png Graphic file (type png)
<use Predicted.png>
Package pdftex.def Info: Predicted.png  used on input line 118.
(pdftex.def)             Requested size: 457.31065pt x 276.43405pt.

Overfull \hbox (97.31065pt too wide) in paragraph at lines 118--120
[][]
 []


LaTeX Warning: `h' float specifier changed to `ht'.

[6

 <./return_risk.png>] [7 <./Predicted.png>]

LaTeX Warning: Citation 'DamodaranDark' on page 8 undefined on input line 124.


LaTeX Warning: Citation 'BestPract' on page 8 undefined on input line 124.


LaTeX Warning: Citation 'Fishman' on page 8 undefined on input line 126.

<snp_hist.jpeg, id=44, 528.97626pt x 388.45125pt>
File: snp_hist.jpeg Graphic file (type jpg)
<use snp_hist.jpeg>
Package pdftex.def Info: snp_hist.jpeg  used on input line 131.
(pdftex.def)             Requested size: 343.83049pt x 252.49031pt.
<LUKOIL_hist.jpeg, id=45, 528.97626pt x 388.45125pt>
File: LUKOIL_hist.jpeg Graphic file (type jpg)
<use LUKOIL_hist.jpeg>
Package pdftex.def Info: LUKOIL_hist.jpeg  used on input line 138.
(pdftex.def)             Requested size: 343.83049pt x 252.49031pt.

LaTeX Warning: `h' float specifier changed to `ht'.


LaTeX Warning: Citation 'Anderson' on page 8 undefined on input line 146.

<risk_free.jpg, id=46, 1483.5425pt x 1224.575pt>
File: risk_free.jpg Graphic file (type jpg)
<use risk_free.jpg>
Package pdftex.def Info: risk_free.jpg  used on input line 151.
(pdftex.def)             Requested size: 370.88472pt x 306.143pt.

Overfull \hbox (10.88472pt too wide) in paragraph at lines 151--153
[][]
 []

[8

 <./snp_hist.jpeg>] [9 <./LUKOIL_hist.jpeg>] [10 <./risk_free.jpg>]

LaTeX Warning: Citation 'Casey' on page 11 undefined on input line 160.


Underfull \hbox (badness 10000) in paragraph at lines 160--163

 []

<beta_plot_bars.jpeg, id=56, 528.97626pt x 388.45125pt>
File: beta_plot_bars.jpeg Graphic file (type jpg)
<use beta_plot_bars.jpeg>
Package pdftex.def Info: beta_plot_bars.jpeg  used on input line 189.
(pdftex.def)             Requested size: 343.83049pt x 252.49031pt.
[11

 <./beta_plot_bars.jpeg>] [12

] [13

]

LaTeX Warning: Empty bibliography on input line 237.

(./report.aux)

LaTeX Warning: There were undefined references.


LaTeX Warning: There were multiply-defined labels.


Package biblatex Warning: Please (re)run Biber on the file:
(biblatex)                report
(biblatex)                and rerun LaTeX afterwards.

Package logreq Info: Writing requests to 'report.run.xml'.
\openout1 = `report.run.xml'.

 ) 
Here is how much of TeX's memory you used:
 8931 strings out of 492616
 156818 string characters out of 6129480
 580628 words of memory out of 5000000
 12758 multiletter control sequences out of 15000+600000
 10307 words of font info for 37 fonts, out of 8000000 for 9000
 1141 hyphenation exceptions out of 8191
 35i,8n,34p,822b,745s stack positions out of 5000i,500n,10000p,200000b,80000s
</usr/local/texlive/2019/texmf-dist/fonts/type1/public/amsfonts/cm/cmbx10.pfb
></usr/local/texlive/2019/texmf-dist/fonts/type1/public/amsfonts/cm/cmbx12.pfb>
</usr/local/texlive/2019/texmf-dist/fonts/type1/public/amsfonts/cm/cmmi10.pfb><
/usr/local/texlive/2019/texmf-dist/fonts/type1/public/amsfonts/cm/cmmi8.pfb></u
sr/local/texlive/2019/texmf-dist/fonts/type1/public/amsfonts/cm/cmr10.pfb></usr
/local/texlive/2019/texmf-dist/fonts/type1/public/amsfonts/cm/cmr17.pfb></usr/l
ocal/texlive/2019/texmf-dist/fonts/type1/public/amsfonts/cm/cmsy10.pfb>
Output written on report.pdf (13 pages, 1720570 bytes).
PDF statistics:
 94 PDF objects out of 1000 (max. 8388607)
 53 compressed objects within 1 object stream
 0 named destinations out of 1000 (max. 500000)
 56 words of extra memory for PDF output out of 10000 (max. 10000000)

